[2023-12-17 17:30:04] local.ERROR: Undefined variable $credentials {"exception":"[object] (ErrorException(code: 0): Undefined variable $credentials at /home/archivarius/app/firmware-parser/app/Services/AuthService.php:10)
[stacktrace]
#0 /home/archivarius/app/firmware-parser/vendor/laravel/framework/src/Illuminate/Foundation/Bootstrap/HandleExceptions.php(254): Illuminate\\Foundation\\Bootstrap\\HandleExceptions->handleError()
#1 /home/archivarius/app/firmware-parser/app/Services/AuthService.php(10): Illuminate\\Foundation\\Bootstrap\\HandleExceptions->Illuminate\\Foundation\\Bootstrap\\{closure}()
#2 /home/archivarius/app/firmware-parser/app/Console/Commands/AuthCommand.php(27): App\\Services\\AuthService->login()
#3 /home/archivarius/app/firmware-parser/vendor/laravel/framework/src/Illuminate/Container/BoundMethod.php(36): App\\Console\\Commands\\AuthCommand->handle()
#4 /home/archivarius/app/firmware-parser/vendor/laravel/framework/src/Illuminate/Container/Util.php(41): Illuminate\\Container\\BoundMethod::Illuminate\\Container\\{closure}()
#5 /home/archivarius/app/firmware-parser/vendor/laravel/framework/src/Illuminate/Container/BoundMethod.php(93): Illuminate\\Container\\Util::unwrapIfClosure()
#6 /home/archivarius/app/firmware-parser/vendor/laravel/framework/src/Illuminate/Container/BoundMethod.php(35): Illuminate\\Container\\BoundMethod::callBoundMethod()
#7 /home/archivarius/app/firmware-parser/vendor/laravel/framework/src/Illuminate/Container/Container.php(662): Illuminate\\Container\\BoundMethod::call()
#8 /home/archivarius/app/firmware-parser/vendor/laravel/framework/src/Illuminate/Console/Command.php(211): Illuminate\\Container\\Container->call()
#9 /home/archivarius/app/firmware-parser/vendor/symfony/console/Command/Command.php(326): Illuminate\\Console\\Command->execute()
#10 /home/archivarius/app/firmware-parser/vendor/laravel/framework/src/Illuminate/Console/Command.php(180): Symfony\\Component\\Console\\Command\\Command->run()
#11 /home/archivarius/app/firmware-parser/vendor/symfony/console/Application.php(1096): Illuminate\\Console\\Command->run()
#12 /home/archivarius/app/firmware-parser/vendor/symfony/console/Application.php(324): Symfony\\Component\\Console\\Application->doRunCommand()
#13 /home/archivarius/app/firmware-parser/vendor/symfony/console/Application.php(175): Symfony\\Component\\Console\\Application->doRun()
#14 /home/archivarius/app/firmware-parser/vendor/laravel/framework/src/Illuminate/Foundation/Console/Kernel.php(201): Symfony\\Component\\Console\\Application->run()
#15 /home/archivarius/app/firmware-parser/artisan(35): Illuminate\\Foundation\\Console\\Kernel->handle()
#16 {main}
"} 
[2023-12-17 18:11:36] local.ERROR: Undefined array key "url" {"exception":"[object] (ErrorException(code: 0): Undefined array key \"url\" at /home/archivarius/app/firmware-parser/app/Console/Commands/AuthCommand.php:19)
[stacktrace]
#0 /home/archivarius/app/firmware-parser/vendor/laravel/framework/src/Illuminate/Foundation/Bootstrap/HandleExceptions.php(254): Illuminate\\Foundation\\Bootstrap\\HandleExceptions->handleError()
#1 /home/archivarius/app/firmware-parser/app/Console/Commands/AuthCommand.php(19): Illuminate\\Foundation\\Bootstrap\\HandleExceptions->Illuminate\\Foundation\\Bootstrap\\{closure}()
#2 /home/archivarius/app/firmware-parser/vendor/laravel/framework/src/Illuminate/Container/BoundMethod.php(36): App\\Console\\Commands\\AuthCommand->handle()
#3 /home/archivarius/app/firmware-parser/vendor/laravel/framework/src/Illuminate/Container/Util.php(41): Illuminate\\Container\\BoundMethod::Illuminate\\Container\\{closure}()
#4 /home/archivarius/app/firmware-parser/vendor/laravel/framework/src/Illuminate/Container/BoundMethod.php(93): Illuminate\\Container\\Util::unwrapIfClosure()
#5 /home/archivarius/app/firmware-parser/vendor/laravel/framework/src/Illuminate/Container/BoundMethod.php(35): Illuminate\\Container\\BoundMethod::callBoundMethod()
#6 /home/archivarius/app/firmware-parser/vendor/laravel/framework/src/Illuminate/Container/Container.php(662): Illuminate\\Container\\BoundMethod::call()
#7 /home/archivarius/app/firmware-parser/vendor/laravel/framework/src/Illuminate/Console/Command.php(211): Illuminate\\Container\\Container->call()
#8 /home/archivarius/app/firmware-parser/vendor/symfony/console/Command/Command.php(326): Illuminate\\Console\\Command->execute()
#9 /home/archivarius/app/firmware-parser/vendor/laravel/framework/src/Illuminate/Console/Command.php(180): Symfony\\Component\\Console\\Command\\Command->run()
#10 /home/archivarius/app/firmware-parser/vendor/symfony/console/Application.php(1096): Illuminate\\Console\\Command->run()
#11 /home/archivarius/app/firmware-parser/vendor/symfony/console/Application.php(324): Symfony\\Component\\Console\\Application->doRunCommand()
#12 /home/archivarius/app/firmware-parser/vendor/symfony/console/Application.php(175): Symfony\\Component\\Console\\Application->doRun()
#13 /home/archivarius/app/firmware-parser/vendor/laravel/framework/src/Illuminate/Foundation/Console/Kernel.php(201): Symfony\\Component\\Console\\Application->run()
#14 /home/archivarius/app/firmware-parser/artisan(35): Illuminate\\Foundation\\Console\\Kernel->handle()
#15 {main}
"} 
[2023-12-17 18:15:59] local.ERROR: Undefined array key "url" {"exception":"[object] (ErrorException(code: 0): Undefined array key \"url\" at /home/archivarius/app/firmware-parser/app/Console/Commands/AuthCommand.php:26)
[stacktrace]
#0 /home/archivarius/app/firmware-parser/vendor/laravel/framework/src/Illuminate/Foundation/Bootstrap/HandleExceptions.php(254): Illuminate\\Foundation\\Bootstrap\\HandleExceptions->handleError()
#1 /home/archivarius/app/firmware-parser/app/Console/Commands/AuthCommand.php(26): Illuminate\\Foundation\\Bootstrap\\HandleExceptions->Illuminate\\Foundation\\Bootstrap\\{closure}()
#2 /home/archivarius/app/firmware-parser/vendor/laravel/framework/src/Illuminate/Container/BoundMethod.php(36): App\\Console\\Commands\\AuthCommand->handle()
#3 /home/archivarius/app/firmware-parser/vendor/laravel/framework/src/Illuminate/Container/Util.php(41): Illuminate\\Container\\BoundMethod::Illuminate\\Container\\{closure}()
#4 /home/archivarius/app/firmware-parser/vendor/laravel/framework/src/Illuminate/Container/BoundMethod.php(93): Illuminate\\Container\\Util::unwrapIfClosure()
#5 /home/archivarius/app/firmware-parser/vendor/laravel/framework/src/Illuminate/Container/BoundMethod.php(35): Illuminate\\Container\\BoundMethod::callBoundMethod()
#6 /home/archivarius/app/firmware-parser/vendor/laravel/framework/src/Illuminate/Container/Container.php(662): Illuminate\\Container\\BoundMethod::call()
#7 /home/archivarius/app/firmware-parser/vendor/laravel/framework/src/Illuminate/Console/Command.php(211): Illuminate\\Container\\Container->call()
#8 /home/archivarius/app/firmware-parser/vendor/symfony/console/Command/Command.php(326): Illuminate\\Console\\Command->execute()
#9 /home/archivarius/app/firmware-parser/vendor/laravel/framework/src/Illuminate/Console/Command.php(180): Symfony\\Component\\Console\\Command\\Command->run()
#10 /home/archivarius/app/firmware-parser/vendor/symfony/console/Application.php(1096): Illuminate\\Console\\Command->run()
#11 /home/archivarius/app/firmware-parser/vendor/symfony/console/Application.php(324): Symfony\\Component\\Console\\Application->doRunCommand()
#12 /home/archivarius/app/firmware-parser/vendor/symfony/console/Application.php(175): Symfony\\Component\\Console\\Application->doRun()
#13 /home/archivarius/app/firmware-parser/vendor/laravel/framework/src/Illuminate/Foundation/Console/Kernel.php(201): Symfony\\Component\\Console\\Application->run()
#14 /home/archivarius/app/firmware-parser/artisan(35): Illuminate\\Foundation\\Console\\Kernel->handle()
#15 {main}
"} 
[2023-12-17 18:21:56] local.ERROR: Undefined array key "url" {"exception":"[object] (ErrorException(code: 0): Undefined array key \"url\" at /home/archivarius/app/firmware-parser/app/Console/Commands/AuthCommand.php:32)
[stacktrace]
#0 /home/archivarius/app/firmware-parser/vendor/laravel/framework/src/Illuminate/Foundation/Bootstrap/HandleExceptions.php(254): Illuminate\\Foundation\\Bootstrap\\HandleExceptions->handleError()
#1 /home/archivarius/app/firmware-parser/app/Console/Commands/AuthCommand.php(32): Illuminate\\Foundation\\Bootstrap\\HandleExceptions->Illuminate\\Foundation\\Bootstrap\\{closure}()
#2 /home/archivarius/app/firmware-parser/app/Console/Commands/AuthCommand.php(17): App\\Console\\Commands\\AuthCommand->setConfig()
#3 /home/archivarius/app/firmware-parser/vendor/laravel/framework/src/Illuminate/Container/BoundMethod.php(36): App\\Console\\Commands\\AuthCommand->handle()
#4 /home/archivarius/app/firmware-parser/vendor/laravel/framework/src/Illuminate/Container/Util.php(41): Illuminate\\Container\\BoundMethod::Illuminate\\Container\\{closure}()
#5 /home/archivarius/app/firmware-parser/vendor/laravel/framework/src/Illuminate/Container/BoundMethod.php(93): Illuminate\\Container\\Util::unwrapIfClosure()
#6 /home/archivarius/app/firmware-parser/vendor/laravel/framework/src/Illuminate/Container/BoundMethod.php(35): Illuminate\\Container\\BoundMethod::callBoundMethod()
#7 /home/archivarius/app/firmware-parser/vendor/laravel/framework/src/Illuminate/Container/Container.php(662): Illuminate\\Container\\BoundMethod::call()
#8 /home/archivarius/app/firmware-parser/vendor/laravel/framework/src/Illuminate/Console/Command.php(211): Illuminate\\Container\\Container->call()
#9 /home/archivarius/app/firmware-parser/vendor/symfony/console/Command/Command.php(326): Illuminate\\Console\\Command->execute()
#10 /home/archivarius/app/firmware-parser/vendor/laravel/framework/src/Illuminate/Console/Command.php(180): Symfony\\Component\\Console\\Command\\Command->run()
#11 /home/archivarius/app/firmware-parser/vendor/symfony/console/Application.php(1096): Illuminate\\Console\\Command->run()
#12 /home/archivarius/app/firmware-parser/vendor/symfony/console/Application.php(324): Symfony\\Component\\Console\\Application->doRunCommand()
#13 /home/archivarius/app/firmware-parser/vendor/symfony/console/Application.php(175): Symfony\\Component\\Console\\Application->doRun()
#14 /home/archivarius/app/firmware-parser/vendor/laravel/framework/src/Illuminate/Foundation/Console/Kernel.php(201): Symfony\\Component\\Console\\Application->run()
#15 /home/archivarius/app/firmware-parser/artisan(35): Illuminate\\Foundation\\Console\\Kernel->handle()
#16 {main}
"} 
[2023-12-17 18:22:32] local.ERROR: Undefined array key "url" {"exception":"[object] (ErrorException(code: 0): Undefined array key \"url\" at /home/archivarius/app/firmware-parser/app/Console/Commands/AuthCommand.php:32)
[stacktrace]
#0 /home/archivarius/app/firmware-parser/vendor/laravel/framework/src/Illuminate/Foundation/Bootstrap/HandleExceptions.php(254): Illuminate\\Foundation\\Bootstrap\\HandleExceptions->handleError()
#1 /home/archivarius/app/firmware-parser/app/Console/Commands/AuthCommand.php(32): Illuminate\\Foundation\\Bootstrap\\HandleExceptions->Illuminate\\Foundation\\Bootstrap\\{closure}()
#2 /home/archivarius/app/firmware-parser/app/Console/Commands/AuthCommand.php(17): App\\Console\\Commands\\AuthCommand->setConfig()
#3 /home/archivarius/app/firmware-parser/vendor/laravel/framework/src/Illuminate/Container/BoundMethod.php(36): App\\Console\\Commands\\AuthCommand->handle()
#4 /home/archivarius/app/firmware-parser/vendor/laravel/framework/src/Illuminate/Container/Util.php(41): Illuminate\\Container\\BoundMethod::Illuminate\\Container\\{closure}()
#5 /home/archivarius/app/firmware-parser/vendor/laravel/framework/src/Illuminate/Container/BoundMethod.php(93): Illuminate\\Container\\Util::unwrapIfClosure()
#6 /home/archivarius/app/firmware-parser/vendor/laravel/framework/src/Illuminate/Container/BoundMethod.php(35): Illuminate\\Container\\BoundMethod::callBoundMethod()
#7 /home/archivarius/app/firmware-parser/vendor/laravel/framework/src/Illuminate/Container/Container.php(662): Illuminate\\Container\\BoundMethod::call()
#8 /home/archivarius/app/firmware-parser/vendor/laravel/framework/src/Illuminate/Console/Command.php(211): Illuminate\\Container\\Container->call()
#9 /home/archivarius/app/firmware-parser/vendor/symfony/console/Command/Command.php(326): Illuminate\\Console\\Command->execute()
#10 /home/archivarius/app/firmware-parser/vendor/laravel/framework/src/Illuminate/Console/Command.php(180): Symfony\\Component\\Console\\Command\\Command->run()
#11 /home/archivarius/app/firmware-parser/vendor/symfony/console/Application.php(1096): Illuminate\\Console\\Command->run()
#12 /home/archivarius/app/firmware-parser/vendor/symfony/console/Application.php(324): Symfony\\Component\\Console\\Application->doRunCommand()
#13 /home/archivarius/app/firmware-parser/vendor/symfony/console/Application.php(175): Symfony\\Component\\Console\\Application->doRun()
#14 /home/archivarius/app/firmware-parser/vendor/laravel/framework/src/Illuminate/Foundation/Console/Kernel.php(201): Symfony\\Component\\Console\\Application->run()
#15 /home/archivarius/app/firmware-parser/artisan(35): Illuminate\\Foundation\\Console\\Kernel->handle()
#16 {main}
"} 
[2023-12-17 18:24:19] local.ERROR: The "--curl" option does not exist. {"exception":"[object] (Symfony\\Component\\Console\\Exception\\RuntimeException(code: 0): The \"--curl\" option does not exist. at /home/archivarius/app/firmware-parser/vendor/symfony/console/Input/ArgvInput.php:223)
[stacktrace]
#0 /home/archivarius/app/firmware-parser/vendor/symfony/console/Input/ArgvInput.php(152): Symfony\\Component\\Console\\Input\\ArgvInput->addLongOption()
#1 /home/archivarius/app/firmware-parser/vendor/symfony/console/Input/ArgvInput.php(85): Symfony\\Component\\Console\\Input\\ArgvInput->parseLongOption()
#2 /home/archivarius/app/firmware-parser/vendor/symfony/console/Input/ArgvInput.php(74): Symfony\\Component\\Console\\Input\\ArgvInput->parseToken()
#3 /home/archivarius/app/firmware-parser/vendor/symfony/console/Input/Input.php(56): Symfony\\Component\\Console\\Input\\ArgvInput->parse()
#4 /home/archivarius/app/firmware-parser/vendor/symfony/console/Command/Command.php(285): Symfony\\Component\\Console\\Input\\Input->bind()
#5 /home/archivarius/app/firmware-parser/vendor/laravel/framework/src/Illuminate/Console/Command.php(180): Symfony\\Component\\Console\\Command\\Command->run()
#6 /home/archivarius/app/firmware-parser/vendor/symfony/console/Application.php(1096): Illuminate\\Console\\Command->run()
#7 /home/archivarius/app/firmware-parser/vendor/symfony/console/Application.php(324): Symfony\\Component\\Console\\Application->doRunCommand()
#8 /home/archivarius/app/firmware-parser/vendor/symfony/console/Application.php(175): Symfony\\Component\\Console\\Application->doRun()
#9 /home/archivarius/app/firmware-parser/vendor/laravel/framework/src/Illuminate/Foundation/Console/Kernel.php(201): Symfony\\Component\\Console\\Application->run()
#10 /home/archivarius/app/firmware-parser/artisan(35): Illuminate\\Foundation\\Console\\Kernel->handle()
#11 {main}
"} 
[2023-12-17 18:26:31] local.ERROR: Undefined array key "credentials" {"exception":"[object] (ErrorException(code: 0): Undefined array key \"credentials\" at /home/archivarius/app/firmware-parser/app/Services/AuthService.php:11)
[stacktrace]
#0 /home/archivarius/app/firmware-parser/vendor/laravel/framework/src/Illuminate/Foundation/Bootstrap/HandleExceptions.php(254): Illuminate\\Foundation\\Bootstrap\\HandleExceptions->handleError()
#1 /home/archivarius/app/firmware-parser/app/Services/AuthService.php(11): Illuminate\\Foundation\\Bootstrap\\HandleExceptions->Illuminate\\Foundation\\Bootstrap\\{closure}()
#2 /home/archivarius/app/firmware-parser/app/Console/Commands/AuthCommand.php(25): App\\Services\\AuthService->login()
#3 /home/archivarius/app/firmware-parser/vendor/laravel/framework/src/Illuminate/Container/BoundMethod.php(36): App\\Console\\Commands\\AuthCommand->handle()
#4 /home/archivarius/app/firmware-parser/vendor/laravel/framework/src/Illuminate/Container/Util.php(41): Illuminate\\Container\\BoundMethod::Illuminate\\Container\\{closure}()
#5 /home/archivarius/app/firmware-parser/vendor/laravel/framework/src/Illuminate/Container/BoundMethod.php(93): Illuminate\\Container\\Util::unwrapIfClosure()
#6 /home/archivarius/app/firmware-parser/vendor/laravel/framework/src/Illuminate/Container/BoundMethod.php(35): Illuminate\\Container\\BoundMethod::callBoundMethod()
#7 /home/archivarius/app/firmware-parser/vendor/laravel/framework/src/Illuminate/Container/Container.php(662): Illuminate\\Container\\BoundMethod::call()
#8 /home/archivarius/app/firmware-parser/vendor/laravel/framework/src/Illuminate/Console/Command.php(211): Illuminate\\Container\\Container->call()
#9 /home/archivarius/app/firmware-parser/vendor/symfony/console/Command/Command.php(326): Illuminate\\Console\\Command->execute()
#10 /home/archivarius/app/firmware-parser/vendor/laravel/framework/src/Illuminate/Console/Command.php(180): Symfony\\Component\\Console\\Command\\Command->run()
#11 /home/archivarius/app/firmware-parser/vendor/symfony/console/Application.php(1096): Illuminate\\Console\\Command->run()
#12 /home/archivarius/app/firmware-parser/vendor/symfony/console/Application.php(324): Symfony\\Component\\Console\\Application->doRunCommand()
#13 /home/archivarius/app/firmware-parser/vendor/symfony/console/Application.php(175): Symfony\\Component\\Console\\Application->doRun()
#14 /home/archivarius/app/firmware-parser/vendor/laravel/framework/src/Illuminate/Foundation/Console/Kernel.php(201): Symfony\\Component\\Console\\Application->run()
#15 /home/archivarius/app/firmware-parser/artisan(35): Illuminate\\Foundation\\Console\\Kernel->handle()
#16 {main}
"} 
[2023-12-17 21:10:18] local.ERROR: Array to string conversion {"exception":"[object] (ErrorException(code: 0): Array to string conversion at /home/archivarius/app/firmware-parser/vendor/laravel/framework/src/Illuminate/Console/Concerns/InteractsWithIO.php:304)
[stacktrace]
#0 /home/archivarius/app/firmware-parser/vendor/laravel/framework/src/Illuminate/Foundation/Bootstrap/HandleExceptions.php(254): Illuminate\\Foundation\\Bootstrap\\HandleExceptions->handleError()
#1 /home/archivarius/app/firmware-parser/vendor/laravel/framework/src/Illuminate/Console/Concerns/InteractsWithIO.php(304): Illuminate\\Foundation\\Bootstrap\\HandleExceptions->Illuminate\\Foundation\\Bootstrap\\{closure}()
#2 /home/archivarius/app/firmware-parser/vendor/laravel/framework/src/Illuminate/Console/Concerns/InteractsWithIO.php(291): Illuminate\\Console\\Command->line()
#3 /home/archivarius/app/firmware-parser/app/Console/Commands/TelegramBotCommand.php(33): Illuminate\\Console\\Command->info()
#4 /home/archivarius/app/firmware-parser/vendor/laravel/framework/src/Illuminate/Container/BoundMethod.php(36): App\\Console\\Commands\\TelegramBotCommand->handle()
#5 /home/archivarius/app/firmware-parser/vendor/laravel/framework/src/Illuminate/Container/Util.php(41): Illuminate\\Container\\BoundMethod::Illuminate\\Container\\{closure}()
#6 /home/archivarius/app/firmware-parser/vendor/laravel/framework/src/Illuminate/Container/BoundMethod.php(93): Illuminate\\Container\\Util::unwrapIfClosure()
#7 /home/archivarius/app/firmware-parser/vendor/laravel/framework/src/Illuminate/Container/BoundMethod.php(35): Illuminate\\Container\\BoundMethod::callBoundMethod()
#8 /home/archivarius/app/firmware-parser/vendor/laravel/framework/src/Illuminate/Container/Container.php(662): Illuminate\\Container\\BoundMethod::call()
#9 /home/archivarius/app/firmware-parser/vendor/laravel/framework/src/Illuminate/Console/Command.php(211): Illuminate\\Container\\Container->call()
#10 /home/archivarius/app/firmware-parser/vendor/symfony/console/Command/Command.php(326): Illuminate\\Console\\Command->execute()
#11 /home/archivarius/app/firmware-parser/vendor/laravel/framework/src/Illuminate/Console/Command.php(180): Symfony\\Component\\Console\\Command\\Command->run()
#12 /home/archivarius/app/firmware-parser/vendor/symfony/console/Application.php(1096): Illuminate\\Console\\Command->run()
#13 /home/archivarius/app/firmware-parser/vendor/symfony/console/Application.php(324): Symfony\\Component\\Console\\Application->doRunCommand()
#14 /home/archivarius/app/firmware-parser/vendor/symfony/console/Application.php(175): Symfony\\Component\\Console\\Application->doRun()
#15 /home/archivarius/app/firmware-parser/vendor/laravel/framework/src/Illuminate/Foundation/Console/Kernel.php(201): Symfony\\Component\\Console\\Application->run()
#16 /home/archivarius/app/firmware-parser/artisan(35): Illuminate\\Foundation\\Console\\Kernel->handle()
#17 {main}
"} 
